<?xml version="1.0" encoding="UTF-8"?>
<testsuite name="SILab2Test" tests="2" skipped="0" failures="0" errors="0" timestamp="2021-05-20T17:02:08" hostname="davidLinux" time="0.021">
  <properties/>
  <testcase name="multipleCases()" classname="SILab2Test" time="0.017"/>
  <testcase name="everyBrach()" classname="SILab2Test" time="0.003"/>
  <system-out><![CDATA[]]></system-out>
  <system-err><![CDATA[]]></system-err>
</testsuite>
